========================= package log ========================================== 
[info] dpm mapping version is set to 1.0 in manifest.xml 
[info] implementationVersion is updated to 1.12.0-b412 in manifest.xml 
[info] delete existed file:e:\ComplianceProduct\ci-script\..\\fed\src\ARforFED_v1.12.0-b412_for_AR_1.15.7.zip 
[info] delete existed file:e:\ComplianceProduct\ci-script\..\\fed\src\ARforFED_v1.12.0-b412_for_AR_1.15.7.lrm 
[info] package zip file [e:\ComplianceProduct\ci-script\..\\fed\src\ARforFED_v1.12.0-b412_for_AR_1.15.7.zip]... 
  adding: dpm/FED_FORM_META.accdb (164 bytes security) (deflated 88%)
  adding: transforms/ (164 bytes security) (stored 0%)
  adding: transforms/FC1_V1.xslt (164 bytes security) (deflated 82%)
  adding: transforms/FC2_V1.xslt (164 bytes security) (deflated 84%)
  adding: transforms/FC3_V1.xslt (164 bytes security) (deflated 84%)
  adding: transforms/FDIC8020_V1.xslt (164 bytes security) (deflated 88%)
  adding: transforms/FDIC8020_V2.xslt (164 bytes security) (deflated 89%)
  adding: transforms/FFIEC002S_V1.xslt (164 bytes security) (deflated 87%)
  adding: transforms/FFIEC002_V1.xslt (164 bytes security) (deflated 87%)
  adding: transforms/FFIEC009A_V2.xslt (164 bytes security) (deflated 94%)
  adding: transforms/FFIEC009A_V3.xslt (164 bytes security) (deflated 94%)
  adding: transforms/FFIEC009_V1.xslt (164 bytes security) (deflated 91%)
  adding: transforms/FFIEC009_V2.xslt (164 bytes security) (deflated 91%)
  adding: transforms/FFIEC030_V3.xslt (164 bytes security) (deflated 73%)
  adding: transforms/FFIEC031_V10.xslt (164 bytes security) (deflated 97%)
  adding: transforms/FFIEC031_V11.xslt (164 bytes security) (deflated 97%)
  adding: transforms/FFIEC031_V12.xslt (164 bytes security) (deflated 97%)
  adding: transforms/FFIEC031_V3.xslt (164 bytes security) (deflated 97%)
  adding: transforms/FFIEC031_V4.xslt (164 bytes security) (deflated 97%)
  adding: transforms/FFIEC031_V5.xslt (164 bytes security) (deflated 97%)
  adding: transforms/FFIEC031_V6.xslt (164 bytes security) (deflated 97%)
  adding: transforms/FFIEC031_V7.xslt (164 bytes security) (deflated 97%)
  adding: transforms/FFIEC031_V8.xslt (164 bytes security) (deflated 97%)
  adding: transforms/FFIEC031_V9.xslt (164 bytes security) (deflated 97%)
  adding: transforms/FFIEC041_V10.xslt (164 bytes security) (deflated 97%)
  adding: transforms/FFIEC041_V11.xslt (164 bytes security) (deflated 97%)
  adding: transforms/FFIEC041_V12.xslt (164 bytes security) (deflated 97%)
  adding: transforms/FFIEC041_V3.xslt (164 bytes security) (deflated 97%)
  adding: transforms/FFIEC041_V4.xslt (164 bytes security) (deflated 97%)
  adding: transforms/FFIEC041_V5.xslt (164 bytes security) (deflated 97%)
  adding: transforms/FFIEC041_V6.xslt (164 bytes security) (deflated 97%)
  adding: transforms/FFIEC041_V7.xslt (164 bytes security) (deflated 97%)
  adding: transforms/FFIEC041_V8.xslt (164 bytes security) (deflated 97%)
  adding: transforms/FFIEC041_V9.xslt (164 bytes security) (deflated 97%)
  adding: transforms/FFIEC101_V3.xslt (164 bytes security) (deflated 98%)
  adding: transforms/FFIEC101_V4.xslt (164 bytes security) (deflated 98%)
  adding: transforms/FFIEC101_V5.xslt (164 bytes security) (deflated 98%)
  adding: transforms/FFIEC101_V8.xslt (164 bytes security) (deflated 98%)
  adding: transforms/FFIEC102_V1.xslt (164 bytes security) (deflated 91%)
  adding: transforms/FFIEC102_V2.xslt (164 bytes security) (deflated 91%)
  adding: transforms/FR2028A_V1.xslt (164 bytes security) (deflated 87%)
  adding: transforms/FR2028S_V1.xslt (164 bytes security) (deflated 82%)
  adding: transforms/FR2052A_COMMENT.xslt (164 bytes security) (deflated 73%)
  adding: transforms/FR2052B_V3.xslt (164 bytes security) (deflated 96%)
  adding: transforms/FR2314S_V1.xslt (164 bytes security) (deflated 80%)
  adding: transforms/FR2314_V2.xslt (164 bytes security) (deflated 92%)
  adding: transforms/FR2314_V3.xslt (164 bytes security) (deflated 92%)
  adding: transforms/FR2420A_V2.xslt (164 bytes security) (deflated 89%)
  adding: transforms/FR2420A_V3.xslt (164 bytes security) (deflated 89%)
  adding: transforms/FR2420B_V2.xslt (164 bytes security) (deflated 81%)
  adding: transforms/FR2420B_V3.xslt (164 bytes security) (deflated 81%)
  adding: transforms/FR2420C_V2.xslt (164 bytes security) (deflated 81%)
  adding: transforms/FR2420C_V3.xslt (164 bytes security) (deflated 84%)
  adding: transforms/FR2420C_V4.xslt (164 bytes security) (deflated 85%)
  adding: transforms/FR2436_V1.xslt (164 bytes security) (deflated 94%)
  adding: transforms/FR2502Q_V2.xslt (164 bytes security) (deflated 86%)
  adding: transforms/FR2644_V2.xslt (164 bytes security) (deflated 87%)
  adding: transforms/FR2644_V3.xslt (164 bytes security) (deflated 85%)
  adding: transforms/FR2835A_V2.xslt (164 bytes security) (deflated 82%)
  adding: transforms/FR2886B_V1.xslt (164 bytes security) (deflated 95%)
  adding: transforms/FR2886B_V2.xslt (164 bytes security) (deflated 95%)
  adding: transforms/FR2886B_V3.xslt (164 bytes security) (deflated 95%)
  adding: transforms/FR2900CB_V1.xslt (164 bytes security) (deflated 93%)
  adding: transforms/FR2900_V3.xslt (164 bytes security) (deflated 93%)
  adding: transforms/FR2915_V1.xslt (164 bytes security) (deflated 83%)
  adding: transforms/FRY11S_V2.xslt (164 bytes security) (deflated 81%)
  adding: transforms/FRY11_V2.xslt (164 bytes security) (deflated 92%)
  adding: transforms/FRY11_V3.xslt (164 bytes security) (deflated 92%)
  adding: transforms/FRY12_V2.xslt (164 bytes security) (deflated 94%)
  adding: transforms/FRY14ARRE_V1.xslt (164 bytes security) (deflated 95%)
  adding: transforms/FRY14ASUMM_V4.xslt (164 bytes security) (deflated 89%)
  adding: transforms/FRY14ASUMM_V5.xslt (164 bytes security) (deflated 89%)
  adding: transforms/FRY14QBAL_V2.xslt (164 bytes security) (deflated 94%)
  adding: transforms/FRY14QCNTPY_V4.xslt (164 bytes security) (deflated 91%)
  adding: transforms/FRY14QFVOHFS_V1.xslt (164 bytes security) (deflated 87%)
  adding: transforms/FRY14QFVOHFS_V2.xslt (164 bytes security) (deflated 87%)
  adding: transforms/FRY14QPPNR_V3.xslt (164 bytes security) (deflated 94%)
  adding: transforms/FRY14QRCI_V3.xslt (164 bytes security) (deflated 87%)
  adding: transforms/FRY14QRCI_V4.xslt (164 bytes security) (deflated 89%)
  adding: transforms/FRY14QRCT_V4.xslt (164 bytes security) (deflated 94%)
  adding: transforms/FRY14QSEC_V3.xslt (164 bytes security) (deflated 84%)
  adding: transforms/FRY14QSEC_V4.xslt (164 bytes security) (deflated 85%)
  adding: transforms/FRY14QSEC_V5.xslt (164 bytes security) (deflated 87%)
  adding: transforms/FRY14QSUPMNT_V2.xslt (164 bytes security) (deflated 90%)
  adding: transforms/FRY15_V2.xslt (164 bytes security) (deflated 92%)
  adding: transforms/FRY15_V3.xslt (164 bytes security) (deflated 92%)
  adding: transforms/FRY15_V4.xslt (164 bytes security) (deflated 93%)
  adding: transforms/FRY15_V5.xslt (164 bytes security) (deflated 93%)
  adding: transforms/FRY16_V1.xslt (164 bytes security) (deflated 93%)
  adding: transforms/FRY7N_V1.xslt (164 bytes security) (deflated 81%)
  adding: transforms/FRY7N_V2.xslt (164 bytes security) (deflated 81%)
  adding: transforms/FRY8_V2.xslt (164 bytes security) (deflated 84%)
  adding: transforms/FRY9C_V2.xslt (164 bytes security) (deflated 86%)
  adding: transforms/FRY9C_V3.xslt (164 bytes security) (deflated 86%)
  adding: transforms/FRY9C_V4.xslt (164 bytes security) (deflated 86%)
  adding: transforms/FRY9C_V5.xslt (164 bytes security) (deflated 86%)
  adding: transforms/FRY9C_V6.xslt (164 bytes security) (deflated 86%)
  adding: transforms/FRY9LP_V2.xslt (164 bytes security) (deflated 93%)
  adding: transforms/FRY9LP_V3.xslt (164 bytes security) (deflated 93%)
  adding: transforms/FRY9LP_V4.xslt (164 bytes security) (deflated 93%)
  adding: transforms/FRY9LP_V5.xslt (164 bytes security) (deflated 93%)
  adding: transforms/TICBC_V2.xslt (164 bytes security) (deflated 94%)
  adding: transforms/TICBL1_V3.xslt (164 bytes security) (deflated 94%)
  adding: transforms/TICBL2_V1.xslt (164 bytes security) (deflated 94%)
  adding: transforms/TICBQ1_V1.xslt (164 bytes security) (deflated 93%)
  adding: transforms/TICBQ2_V2.xslt (164 bytes security) (deflated 94%)
  adding: transforms/TICBQ3_V2.xslt (164 bytes security) (deflated 81%)
  adding: transforms/TICD_V1.xslt (164 bytes security) (deflated 93%)
  adding: transforms/TICS1_V2.xslt (164 bytes security) (deflated 94%)
  adding: transforms/TICS2_V2.xslt (164 bytes security) (deflated 88%)
  adding: transforms/TICSHCA_V1.xslt (164 bytes security) (deflated 91%)
  adding: transforms/TICSHLA_V1.xslt (164 bytes security) (deflated 90%)
  adding: transforms/TICSLTA_V1.xslt (164 bytes security) (deflated 93%)
  adding: transforms/TICSLTB_V1.xslt (164 bytes security) (deflated 93%)
  adding: forms/ (164 bytes security) (stored 0%)
  adding: forms/arbitraryExcelExport/ (164 bytes security) (stored 0%)
  adding: forms/arbitraryExcelExport/arbitrary-excel/ (164 bytes security) (stored 0%)
  adding: forms/arbitraryExcelExport/arbitrary-excel/FFIEC031_V12_ConfidentialReport.xlsx (164 bytes security) (deflated 13%)
  adding: forms/arbitraryExcelExport/arbitrary-excel/FFIEC041_V12_ConfidentialReport.xlsx (164 bytes security) (deflated 13%)
  adding: forms/arbitraryExcelExport/arbitrary-excel/Firm LCR Template_FR2052A_V4.xlsx (164 bytes security) (deflated 11%)
  adding: forms/arbitraryExcelExport/arbitrary-excel/FRY9C_V6_ConfidentialReport.xlsx (164 bytes security) (deflated 15%)
  adding: forms/arbitraryExcelExport/arbitrary-excel/FRY9C_V7_ConfidentialReport.xlsx (164 bytes security) (deflated 14%)
  adding: forms/arbitraryExcelExport/arbitrary-excel-descriptor/ (164 bytes security) (stored 0%)
  adding: forms/arbitraryExcelExport/arbitrary-excel-descriptor/FFIEC031_V12.xml (164 bytes security) (deflated 97%)
  adding: forms/arbitraryExcelExport/arbitrary-excel-descriptor/FFIEC041_V12.xml (164 bytes security) (deflated 97%)
  adding: forms/arbitraryExcelExport/arbitrary-excel-descriptor/FR2052A_V4.xml (164 bytes security) (deflated 97%)
  adding: forms/arbitraryExcelExport/arbitrary-excel-descriptor/FRY9C_V6.xml (164 bytes security) (deflated 97%)
  adding: forms/arbitraryExcelExport/arbitrary-excel-descriptor/FRY9C_V7.xml (164 bytes security) (deflated 97%)
  adding: forms/exports/ (164 bytes security) (stored 0%)
  adding: forms/exports/dataschedule/ (164 bytes security) (stored 0%)
  adding: forms/exports/dataschedule/5GCommentSchema.xsd (164 bytes security) (deflated 75%)
  adding: forms/exports/dataschedule/5GIncludesEmpty.xsd (164 bytes security) (deflated 68%)
  adding: forms/exports/dataschedule/5GSchema.xsd (164 bytes security) (deflated 90%)
  adding: forms/exports/dataschedule/CIL_VERSION008.xsd (164 bytes security) (deflated 86%)
  adding: forms/exports/dataschedule/CRE_VERSION009.xsd (164 bytes security) (deflated 84%)
  adding: forms/exports/dataschedule/Non-numeric_check.xsd (164 bytes security) (deflated 89%)
  adding: forms/exports/dataschedule/OPSRISK_Version02.xsd (164 bytes security) (deflated 87%)
  adding: forms/exports/dataschedule/RETAIL_AUTO_Version02.xsd (164 bytes security) (deflated 82%)
  adding: forms/exports/dataschedule/RETAIL_INTAUTO_Version02.xsd (164 bytes security) (deflated 80%)
  adding: forms/exports/dataschedule/RETAIL_INTCARD_Version02.xsd (164 bytes security) (deflated 77%)
  adding: forms/exports/dataschedule/RETAIL_INTFM_Version02.xsd (164 bytes security) (deflated 79%)
  adding: forms/exports/dataschedule/RETAIL_INTHE_Version02.xsd (164 bytes security) (deflated 79%)
  adding: forms/exports/dataschedule/RETAIL_INTLOTHCONS_Version02.xsd (164 bytes security) (deflated 77%)
  adding: forms/exports/dataschedule/RETAIL_INTSB_Version02.xsd (164 bytes security) (deflated 78%)
  adding: forms/exports/dataschedule/RETAIL_STUDENT_Version02.xsd (164 bytes security) (deflated 81%)
  adding: forms/exports/dataschedule/RETAIL_USOTHCONS_Version02.xsd (164 bytes security) (deflated 76%)
  adding: forms/exports/dataschedule/RETAIL_USSB_Version02.xsd (164 bytes security) (deflated 78%)
  adding: forms/exports/excel/ (164 bytes security) (stored 0%)
  adding: forms/exports/excel/BE15A_v1.xlsx (164 bytes security) (deflated 13%)
  adding: forms/exports/excel/BE185_v1.xlsx (164 bytes security) (deflated 18%)
  adding: forms/exports/excel/BE577_v1.xlsx (164 bytes security) (deflated 27%)
  adding: forms/exports/excel/BE605_v1.xlsx (164 bytes security) (deflated 23%)
  adding: forms/exports/excel/FC1_V1.xlsx (164 bytes security) (deflated 22%)
  adding: forms/exports/excel/FC2_V1.xlsx (164 bytes security) (deflated 32%)
  adding: forms/exports/excel/FC3_V1.xlsx (164 bytes security) (deflated 17%)
  adding: forms/exports/excel/FDIC8020_V1.xlsx (164 bytes security) (deflated 30%)
  adding: forms/exports/excel/FDIC8020_V2.xlsx (164 bytes security) (deflated 29%)
  adding: forms/exports/excel/FFIEC002S_V1.xlsx (164 bytes security) (deflated 23%)
  adding: forms/exports/excel/FFIEC002_V1.xlsx (164 bytes security) (deflated 26%)
  adding: forms/exports/excel/FFIEC009A_V1.xlsx (164 bytes security) (deflated 20%)
  adding: forms/exports/excel/FFIEC009A_V2.xlsx (164 bytes security) (deflated 21%)
  adding: forms/exports/excel/FFIEC009A_V3.xlsx (164 bytes security) (deflated 21%)
  adding: forms/exports/excel/FFIEC009_V1.xlsx (164 bytes security) (deflated 39%)
  adding: forms/exports/excel/FFIEC009_V2.xlsx (164 bytes security) (deflated 38%)
  adding: forms/exports/excel/FFIEC019_v1.xlsx (164 bytes security) (deflated 18%)
  adding: forms/exports/excel/FFIEC030S_V1.xlsx (164 bytes security) (deflated 16%)
  adding: forms/exports/excel/FFIEC030_V3.xlsx (164 bytes security) (deflated 22%)
  adding: forms/exports/excel/FFIEC031_V1.xlsx (164 bytes security) (deflated 26%)
  adding: forms/exports/excel/FFIEC031_V10.xlsx (164 bytes security) (deflated 22%)
  adding: forms/exports/excel/FFIEC031_V11.xlsx (164 bytes security) (deflated 22%)
  adding: forms/exports/excel/FFIEC031_V12.xlsx (164 bytes security) (deflated 23%)
  adding: forms/exports/excel/FFIEC031_V2.xlsx (164 bytes security) (deflated 26%)
  adding: forms/exports/excel/FFIEC031_V3.xlsx (164 bytes security) (deflated 25%)
  adding: forms/exports/excel/FFIEC031_V4.xlsx (164 bytes security) (deflated 24%)
  adding: forms/exports/excel/FFIEC031_V5.xlsx (164 bytes security) (deflated 24%)
  adding: forms/exports/excel/FFIEC031_V6.xlsx (164 bytes security) (deflated 23%)
  adding: forms/exports/excel/FFIEC031_V7.xlsx (164 bytes security) (deflated 23%)
  adding: forms/exports/excel/FFIEC031_V8.xlsx (164 bytes security) (deflated 22%)
  adding: forms/exports/excel/FFIEC031_V9.xlsx (164 bytes security) (deflated 23%)
  adding: forms/exports/excel/FFIEC041_V1.xlsx (164 bytes security) (deflated 26%)
  adding: forms/exports/excel/FFIEC041_V10.xlsx (164 bytes security) (deflated 12%)
  adding: forms/exports/excel/FFIEC041_V11.xlsx (164 bytes security) (deflated 12%)
  adding: forms/exports/excel/FFIEC041_V12.xlsx (164 bytes security) (deflated 12%)
  adding: forms/exports/excel/FFIEC041_V2.xlsx (164 bytes security) (deflated 26%)
  adding: forms/exports/excel/FFIEC041_V3.xlsx (164 bytes security) (deflated 25%)
  adding: forms/exports/excel/FFIEC041_V4.xlsx (164 bytes security) (deflated 13%)
  adding: forms/exports/excel/FFIEC041_V5.xlsx (164 bytes security) (deflated 12%)
  adding: forms/exports/excel/FFIEC041_V6.xlsx (164 bytes security) (deflated 13%)
  adding: forms/exports/excel/FFIEC041_V7.xlsx (164 bytes security) (deflated 13%)
  adding: forms/exports/excel/FFIEC041_V8.xlsx (164 bytes security) (deflated 12%)
  adding: forms/exports/excel/FFIEC041_V9.xlsx (164 bytes security) (deflated 12%)
  adding: forms/exports/excel/FFIEC101_V2.xlsx (164 bytes security) (deflated 29%)
  adding: forms/exports/excel/FFIEC101_V3.xlsx (164 bytes security) (deflated 26%)
  adding: forms/exports/excel/FFIEC101_V4.xlsx (164 bytes security) (deflated 28%)
  adding: forms/exports/excel/FFIEC101_V5.xlsx (164 bytes security) (deflated 26%)
  adding: forms/exports/excel/FFIEC101_V6.xlsx (164 bytes security) (deflated 28%)
  adding: forms/exports/excel/FFIEC101_V7.xlsx (164 bytes security) (deflated 27%)
  adding: forms/exports/excel/FFIEC101_V8.xlsx (164 bytes security) (deflated 27%)
  adding: forms/exports/excel/FFIEC102_V1.xlsx (164 bytes security) (deflated 22%)
  adding: forms/exports/excel/FFIEC102_V2.xlsx (164 bytes security) (deflated 22%)
  adding: forms/exports/excel/FR2004A_V1.xlsx (164 bytes security) (deflated 10%)
  adding: forms/exports/excel/FR2004B_V1.xlsx (164 bytes security) (deflated 14%)
  adding: forms/exports/excel/FR2004C_V1.xlsx (164 bytes security) (deflated 13%)
  adding: forms/exports/excel/FR2004FA_V1.xlsx (164 bytes security) (deflated 14%)
  adding: forms/exports/excel/FR2004FB_V1.xlsx (164 bytes security) (deflated 10%)
  adding: forms/exports/excel/FR2004FC_V1.xlsx (164 bytes security) (deflated 15%)
  adding: forms/exports/excel/FR2004FM_V1.xlsx (164 bytes security) (deflated 16%)
  adding: forms/exports/excel/FR2004SD_V1.xlsx (164 bytes security) (deflated 16%)
  adding: forms/exports/excel/FR2004SI_V1.xlsx (164 bytes security) (deflated 12%)
  adding: forms/exports/excel/FR2004WI_V1.xlsx (164 bytes security) (deflated 11%)
  adding: forms/exports/excel/FR2028S_V2.xlsx (164 bytes security) (deflated 11%)
  adding: forms/exports/excel/FR2028_V1.xlsx (164 bytes security) (deflated 14%)
  adding: forms/exports/excel/FR2046_v1.xlsx (164 bytes security) (deflated 16%)
  adding: forms/exports/excel/FR2052A_V1.xlsx (164 bytes security) (deflated 39%)
  adding: forms/exports/excel/FR2052A_V2.xlsx (164 bytes security) (deflated 31%)
  adding: forms/exports/excel/FR2052A_V3.xlsx (164 bytes security) (deflated 27%)
  adding: forms/exports/excel/FR2052A_V4.xlsx (164 bytes security) (deflated 22%)
  adding: forms/exports/excel/FR2052B_V2.xlsx (164 bytes security) (deflated 23%)
  adding: forms/exports/excel/FR2052B_V3.xlsx (164 bytes security) (deflated 20%)
  adding: forms/exports/excel/FR2314S_V1.xlsx (164 bytes security) (deflated 19%)
  adding: forms/exports/excel/FR2314_V1.xlsx (164 bytes security) (deflated 27%)
  adding: forms/exports/excel/FR2314_V2.xlsx (164 bytes security) (deflated 26%)
  adding: forms/exports/excel/FR2314_V3.xlsx (164 bytes security) (deflated 24%)
  adding: forms/exports/excel/FR2420A_V2.xlsx (164 bytes security) (deflated 27%)
  adding: forms/exports/excel/FR2420A_V3.xlsx (164 bytes security) (deflated 18%)
  adding: forms/exports/excel/FR2420B_V2.xlsx (164 bytes security) (deflated 15%)
  adding: forms/exports/excel/FR2420B_V3.xlsx (164 bytes security) (deflated 19%)
  adding: forms/exports/excel/FR2420C_V2.xlsx (164 bytes security) (deflated 15%)
  adding: forms/exports/excel/FR2420C_V3.xlsx (164 bytes security) (deflated 14%)
  adding: forms/exports/excel/FR2420C_V4.xlsx (164 bytes security) (deflated 16%)
  adding: forms/exports/excel/FR2436_v1.xlsx (164 bytes security) (deflated 28%)
  adding: forms/exports/excel/FR2502Q_V2.xlsx (164 bytes security) (deflated 9%)
  adding: forms/exports/excel/FR2572_V1.xlsx (164 bytes security) (deflated 30%)
  adding: forms/exports/excel/FR2572_V2.xlsx (164 bytes security) (deflated 29%)
  adding: forms/exports/excel/FR2644_V2.xlsx (164 bytes security) (deflated 20%)
  adding: forms/exports/excel/FR2644_V3.xlsx (164 bytes security) (deflated 17%)
  adding: forms/exports/excel/FR2835A_V2.xlsx (164 bytes security) (deflated 14%)
  adding: forms/exports/excel/FR2886B_V1.xlsx (164 bytes security) (deflated 28%)
  adding: forms/exports/excel/FR2886B_V2.xlsx (164 bytes security) (deflated 28%)
  adding: forms/exports/excel/FR2886B_V3.xlsx (164 bytes security) (deflated 27%)
  adding: forms/exports/excel/FR2900CB_V1.xlsx (164 bytes security) (deflated 11%)
  adding: forms/exports/excel/FR2900_V2.xlsx (164 bytes security) (deflated 17%)
  adding: forms/exports/excel/FR2900_V3.xlsx (164 bytes security) (deflated 11%)
  adding: forms/exports/excel/FR2900_V4.xlsx (164 bytes security) (deflated 10%)
  adding: forms/exports/excel/FR2915_V1.xlsx (164 bytes security) (deflated 10%)
  adding: forms/exports/excel/FR2930_V1.xlsx (164 bytes security) (deflated 11%)
  adding: forms/exports/excel/FRY10_V2.xlsx (164 bytes security) (deflated 26%)
  adding: forms/exports/excel/FRY10_V3.xlsx (164 bytes security) (deflated 29%)
  adding: forms/exports/excel/FRY11S_V2.xlsx (164 bytes security) (deflated 23%)
  adding: forms/exports/excel/FRY11_V1.xlsx (164 bytes security) (deflated 22%)
  adding: forms/exports/excel/FRY11_V2.xlsx (164 bytes security) (deflated 23%)
  adding: forms/exports/excel/FRY11_V3.xlsx (164 bytes security) (deflated 23%)
  adding: forms/exports/excel/FRY12A_V1.xlsx (164 bytes security) (deflated 13%)
  adding: forms/exports/excel/FRY12_V2.xlsx (164 bytes security) (deflated 23%)
  adding: forms/exports/excel/FRY14AOR_V2.xlsx (164 bytes security) (deflated 14%)
  adding: forms/exports/excel/FRY14AOR_V3.xlsx (164 bytes security) (deflated 19%)
  adding: forms/exports/excel/FRY14AOR_V4.xlsx (164 bytes security) (deflated 14%)
  adding: forms/exports/excel/FRY14ARCI_V2.xlsx (164 bytes security) (deflated 48%)
  adding: forms/exports/excel/FRY14ARCI_V3.xlsx (164 bytes security) (deflated 56%)
  adding: forms/exports/excel/FRY14ARCI_V4.xlsx (164 bytes security) (deflated 53%)
  adding: forms/exports/excel/FRY14ARCT_V2.xlsx (164 bytes security) (deflated 32%)
  adding: forms/exports/excel/FRY14ARCT_V3.xlsx (164 bytes security) (deflated 27%)
  adding: forms/exports/excel/FRY14ARRE_V1.xlsx (164 bytes security) (deflated 25%)
  adding: forms/exports/excel/FRY14ASCENR_V1.xlsx (164 bytes security) (deflated 34%)
  adding: forms/exports/excel/FRY14ASCENR_V2.xlsx (164 bytes security) (deflated 35%)
  adding: forms/exports/excel/FRY14ASUMM_V3.xlsx (164 bytes security) (deflated 27%)
  adding: forms/exports/excel/FRY14ASUMM_V4.xlsx (164 bytes security) (deflated 36%)
  adding: forms/exports/excel/FRY14ASUMM_V5.xlsx (164 bytes security) (deflated 36%)
  adding: forms/exports/excel/FRY14MA1_V1.xlsx (164 bytes security) (deflated 22%)
  adding: forms/exports/excel/FRY14MA2_V1.xlsx (164 bytes security) (deflated 23%)
  adding: forms/exports/excel/FRY14MB1_V1.xlsx (164 bytes security) (deflated 22%)
  adding: forms/exports/excel/FRY14MB2_V1.xlsx (164 bytes security) (deflated 23%)
  adding: forms/exports/excel/FRY14MC_V1.xlsx (164 bytes security) (deflated 23%)
  adding: forms/exports/excel/FRY14MD1_V1.xlsx (164 bytes security) (deflated 21%)
  adding: forms/exports/excel/FRY14MD1_V2.xlsx (164 bytes security) (deflated 22%)
  adding: forms/exports/excel/FRY14MD2_V1.xlsx (164 bytes security) (deflated 23%)
  adding: forms/exports/excel/FRY14QAAUTO_V1.xlsx (164 bytes security) (deflated 23%)
  adding: forms/exports/excel/FRY14QAAUTO_V2.xlsx (164 bytes security) (deflated 36%)
  adding: forms/exports/excel/FRY14QAINTAUTO_V1.xlsx (164 bytes security) (deflated 24%)
  adding: forms/exports/excel/FRY14QAINTAUTO_V2.xlsx (164 bytes security) (deflated 37%)
  adding: forms/exports/excel/FRY14QAINTCARD_V1.xlsx (164 bytes security) (deflated 22%)
  adding: forms/exports/excel/FRY14QAINTCARD_V2.xlsx (164 bytes security) (deflated 35%)
  adding: forms/exports/excel/FRY14QAINTFM_V1.xlsx (164 bytes security) (deflated 23%)
  adding: forms/exports/excel/FRY14QAINTFM_V2.xlsx (164 bytes security) (deflated 38%)
  adding: forms/exports/excel/FRY14QAINTHE_V1.xlsx (164 bytes security) (deflated 23%)
  adding: forms/exports/excel/FRY14QAINTHE_V2.xlsx (164 bytes security) (deflated 37%)
  adding: forms/exports/excel/FRY14QAINTLOTHCONS_V1.xlsx (164 bytes security) (deflated 24%)
  adding: forms/exports/excel/FRY14QAINTLOTHCONS_V2.xlsx (164 bytes security) (deflated 37%)
  adding: forms/exports/excel/FRY14QAINTSB_V1.xlsx (164 bytes security) (deflated 23%)
  adding: forms/exports/excel/FRY14QAINTSB_V2.xlsx (164 bytes security) (deflated 37%)
  adding: forms/exports/excel/FRY14QASTUDENT_V1.xlsx (164 bytes security) (deflated 23%)
  adding: forms/exports/excel/FRY14QASTUDENT_V2.xlsx (164 bytes security) (deflated 36%)
  adding: forms/exports/excel/FRY14QAUSOTHCONS_V1.xlsx (164 bytes security) (deflated 23%)
  adding: forms/exports/excel/FRY14QAUSOTHCONS_V2.xlsx (164 bytes security) (deflated 38%)
  adding: forms/exports/excel/FRY14QAUSSB_V1.xlsx (164 bytes security) (deflated 23%)
  adding: forms/exports/excel/FRY14QAUSSB_V2.xlsx (164 bytes security) (deflated 38%)
  adding: forms/exports/excel/FRY14QBAL_V1.xlsx (164 bytes security) (deflated 27%)
  adding: forms/exports/excel/FRY14QBAL_V2.xlsx (164 bytes security) (deflated 22%)
  adding: forms/exports/excel/FRY14QBAL_V3.xlsx (164 bytes security) (deflated 17%)
  adding: forms/exports/excel/FRY14QBAL_V4.xlsx (164 bytes security) (deflated 17%)
  adding: forms/exports/excel/FRY14QCIL_V1.xlsx (164 bytes security) (deflated 21%)
  adding: forms/exports/excel/FRY14QCNTPY_V3.xlsx (164 bytes security) (deflated 43%)
  adding: forms/exports/excel/FRY14QCNTPY_V4.xlsx (164 bytes security) (deflated 33%)
  adding: forms/exports/excel/FRY14QCRE_V1.xlsx (164 bytes security) (deflated 21%)
  adding: forms/exports/excel/FRY14QFVOHFS_V1.xlsx (164 bytes security) (deflated 7%)
  adding: forms/exports/excel/FRY14QFVOHFS_V2.xlsx (164 bytes security) (deflated 7%)
  adding: forms/exports/excel/FRY14QFVOHFS_V3.xlsx (164 bytes security) (deflated 7%)
  adding: forms/exports/excel/FRY14QMSR_V1.xlsx (164 bytes security) (deflated 21%)
  adding: forms/exports/excel/FRY14QOPRISK_V1.xlsx (164 bytes security) (deflated 26%)
  adding: forms/exports/excel/FRY14QPPNR_V2.xlsx (164 bytes security) (deflated 21%)
  adding: forms/exports/excel/FRY14QPPNR_V3.xlsx (164 bytes security) (deflated 22%)
  adding: forms/exports/excel/FRY14QRCI_V2.xlsx (164 bytes security) (deflated 25%)
  adding: forms/exports/excel/FRY14QRCI_V3.xlsx (164 bytes security) (deflated 22%)
  adding: forms/exports/excel/FRY14QRCI_V4.xlsx (164 bytes security) (deflated 19%)
  adding: forms/exports/excel/FRY14QRCI_V5.xlsx (164 bytes security) (deflated 19%)
  adding: forms/exports/excel/FRY14QRCT_V3.xlsx (164 bytes security) (deflated 36%)
  adding: forms/exports/excel/FRY14QRCT_V4.xlsx (164 bytes security) (deflated 32%)
  adding: forms/exports/excel/FRY14QSEC_V2.xlsx (164 bytes security) (deflated 18%)
  adding: forms/exports/excel/FRY14QSEC_V3.xlsx (164 bytes security) (deflated 16%)
  adding: forms/exports/excel/FRY14QSEC_V4.xlsx (164 bytes security) (deflated 17%)
  adding: forms/exports/excel/FRY14QSEC_V5.xlsx (164 bytes security) (deflated 16%)
  adding: forms/exports/excel/FRY14QSUPMNT_V1.xlsx (164 bytes security) (deflated 31%)
  adding: forms/exports/excel/FRY14QSUPMNT_V2.xlsx (164 bytes security) (deflated 34%)
  adding: forms/exports/excel/FRY14QTRADING_V3.xlsx (164 bytes security) (deflated 32%)
  adding: forms/exports/excel/FRY15_V1.xlsx (164 bytes security) (deflated 18%)
  adding: forms/exports/excel/FRY15_V2.xlsx (164 bytes security) (deflated 19%)
  adding: forms/exports/excel/FRY15_V3.xlsx (164 bytes security) (deflated 23%)
  adding: forms/exports/excel/FRY15_V4.xlsx (164 bytes security) (deflated 23%)
  adding: forms/exports/excel/FRY15_V5.xlsx (164 bytes security) (deflated 22%)
  adding: forms/exports/excel/FRY15_V5_draft.xlsx (164 bytes security) (deflated 22%)
  adding: forms/exports/excel/FRY16_V1.xlsx (164 bytes security) (deflated 26%)
  adding: forms/exports/excel/FRY20_V2.xlsx (164 bytes security) (deflated 19%)
  adding: forms/exports/excel/FRY6_V1.xlsx (164 bytes security) (deflated 19%)
  adding: forms/exports/excel/FRY6_V2.xlsx (164 bytes security) (deflated 19%)
  adding: forms/exports/excel/FRY7NS_V1.xlsx (164 bytes security) (deflated 16%)
  adding: forms/exports/excel/FRY7N_V1.xlsx (164 bytes security) (deflated 20%)
  adding: forms/exports/excel/FRY7N_V2.xlsx (164 bytes security) (deflated 20%)
  adding: forms/exports/excel/FRY7Q_V1.xlsx (164 bytes security) (deflated 14%)
  adding: forms/exports/excel/FRY7Q_V2.xlsx (164 bytes security) (deflated 11%)
  adding: forms/exports/excel/FRY7_V1.xlsx (164 bytes security) (deflated 13%)
  adding: forms/exports/excel/FRY7_V2.xlsx (164 bytes security) (deflated 15%)
  adding: forms/exports/excel/FRY8_V2.xlsx (164 bytes security) (deflated 22%)
  adding: forms/exports/excel/FRY9C_V1.xlsx (164 bytes security) (deflated 30%)
  adding: forms/exports/excel/FRY9C_V2.xlsx (164 bytes security) (deflated 29%)
  adding: forms/exports/excel/FRY9C_V3.xlsx (164 bytes security) (deflated 14%)
  adding: forms/exports/excel/FRY9C_V4.xlsx (164 bytes security) (deflated 14%)
  adding: forms/exports/excel/FRY9C_V5.xlsx (164 bytes security) (deflated 14%)
  adding: forms/exports/excel/FRY9C_V6.xlsx (164 bytes security) (deflated 14%)
  adding: forms/exports/excel/FRY9C_V7.xlsx (164 bytes security) (deflated 14%)
  adding: forms/exports/excel/FRY9ES_V1.xlsx (164 bytes security) (deflated 13%)
  adding: forms/exports/excel/FRY9LP_V1.xlsx (164 bytes security) (deflated 26%)
  adding: forms/exports/excel/FRY9LP_V2.xlsx (164 bytes security) (deflated 26%)
  adding: forms/exports/excel/FRY9LP_V3.xlsx (164 bytes security) (deflated 26%)
  adding: forms/exports/excel/FRY9LP_V4.xlsx (164 bytes security) (deflated 24%)
  adding: forms/exports/excel/FRY9LP_V5.xlsx (164 bytes security) (deflated 22%)
  adding: forms/exports/excel/FRY9SP_V1.xlsx (164 bytes security) (deflated 10%)
  adding: forms/exports/excel/OFRU53_v1.xlsx (164 bytes security) (deflated 20%)
  adding: forms/exports/excel/OFRU56_v1.xlsx (164 bytes security) (deflated 19%)
  adding: forms/exports/excel/OFRU7_v1.xlsx (164 bytes security) (deflated 13%)
  adding: forms/exports/excel/TIC1042S_V1.xlsx (164 bytes security) (deflated 24%)
  adding: forms/exports/excel/TICBC_V1.xlsx (164 bytes security) (deflated 28%)
  adding: forms/exports/excel/TICBC_V2.xlsx (164 bytes security) (deflated 29%)
  adding: forms/exports/excel/TICBL1_V1.xlsx (164 bytes security) (deflated 29%)
  adding: forms/exports/excel/TICBL1_V2.xlsx (164 bytes security) (deflated 30%)
  adding: forms/exports/excel/TICBL1_V3.xlsx (164 bytes security) (deflated 28%)
  adding: forms/exports/excel/TICBL2_V1.xlsx (164 bytes security) (deflated 30%)
  adding: forms/exports/excel/TICBQ1_V1.xlsx (164 bytes security) (deflated 22%)
  adding: forms/exports/excel/TICBQ2_V1.xlsx (164 bytes security) (deflated 28%)
  adding: forms/exports/excel/TICBQ2_V2.xlsx (164 bytes security) (deflated 27%)
  adding: forms/exports/excel/TICBQ3_V2.xlsx (164 bytes security) (deflated 19%)
  adding: forms/exports/excel/TICD_V1.xlsx (164 bytes security) (deflated 25%)
  adding: forms/exports/excel/TICSHCA_v1.xlsx (164 bytes security) (deflated 31%)
  adding: forms/exports/excel/TICSHLA_V1.xlsx (164 bytes security) (deflated 23%)
  adding: forms/exports/excel/TICSLT_V1.xlsx (164 bytes security) (deflated 37%)
  adding: forms/exports/excel/TICS_V2.xlsx (164 bytes security) (deflated 29%)
  adding: forms/exports/freemark/ (164 bytes security) (stored 0%)
  adding: forms/exports/freemark/2052ACombined.txt (164 bytes security) (deflated 74%)
  adding: forms/exports/freemark/2052AComment_Combined.txt (164 bytes security) (deflated 54%)
  adding: forms/exports/freemark/2052AEndTemplate.txt (164 bytes security) (stored 0%)
  adding: forms/exports/freemark/2052AStartTemplate.txt (164 bytes security) (deflated 50%)
  adding: forms/exports/freemark/assetInflowReport.txt (164 bytes security) (deflated 71%)
  adding: forms/exports/freemark/assetInflowReportEnd.txt (164 bytes security) (stored 0%)
  adding: forms/exports/freemark/assetInflowReportStart.txt (164 bytes security) (stored 0%)
  adding: forms/exports/freemark/CILEndTemplate.txt (164 bytes security) (stored 0%)
  adding: forms/exports/freemark/CILReport.txt (164 bytes security) (deflated 78%)
  adding: forms/exports/freemark/CILReportEnd.txt (164 bytes security) (stored 0%)
  adding: forms/exports/freemark/CILReportStart.txt (164 bytes security) (stored 0%)
  adding: forms/exports/freemark/CILStartTemplate.txt (164 bytes security) (deflated 32%)
  adding: forms/exports/freemark/CREEndTemplate.txt (164 bytes security) (stored 0%)
  adding: forms/exports/freemark/CREReport.txt (164 bytes security) (deflated 76%)
  adding: forms/exports/freemark/CREReportEnd.txt (164 bytes security) (stored 0%)
  adding: forms/exports/freemark/CREReportStart.txt (164 bytes security) (stored 0%)
  adding: forms/exports/freemark/CREStartTemplate.txt (164 bytes security) (deflated 32%)
  adding: forms/exports/freemark/depositsOutflowReport.txt (164 bytes security) (deflated 70%)
  adding: forms/exports/freemark/depositsOutflowReportEnd.txt (164 bytes security) (stored 0%)
  adding: forms/exports/freemark/depositsOutflowReportStart.txt (164 bytes security) (stored 0%)
  adding: forms/exports/freemark/foreignExchangeSupplementalReport.txt (164 bytes security) (deflated 76%)
  adding: forms/exports/freemark/foreignExchangeSupplementalReportEnd.txt (164 bytes security) (stored 0%)
  adding: forms/exports/freemark/foreignExchangeSupplementalReportStart.txt (164 bytes security) (stored 0%)
  adding: forms/exports/freemark/FRY14MA1_1.txt (164 bytes security) (stored 0%)
  adding: forms/exports/freemark/FRY14MA1_2.txt (164 bytes security) (stored 0%)
  adding: forms/exports/freemark/FRY14MA1_3.txt (164 bytes security) (deflated 86%)
  adding: forms/exports/freemark/FRY14MA1_4.txt (164 bytes security) (stored 0%)
  adding: forms/exports/freemark/FRY14MA1_5.txt (164 bytes security) (stored 0%)
  adding: forms/exports/freemark/FRY14MA2_1.txt (164 bytes security) (stored 0%)
  adding: forms/exports/freemark/FRY14MA2_2.txt (164 bytes security) (stored 0%)
  adding: forms/exports/freemark/FRY14MA2_3.txt (164 bytes security) (deflated 49%)
  adding: forms/exports/freemark/FRY14MA2_4.txt (164 bytes security) (stored 0%)
  adding: forms/exports/freemark/FRY14MA2_5.txt (164 bytes security) (stored 0%)
  adding: forms/exports/freemark/FRY14MB1_1.txt (164 bytes security) (stored 0%)
  adding: forms/exports/freemark/FRY14MB1_2.txt (164 bytes security) (stored 0%)
  adding: forms/exports/freemark/FRY14MB1_3.txt (164 bytes security) (deflated 85%)
  adding: forms/exports/freemark/FRY14MB1_4.txt (164 bytes security) (stored 0%)
  adding: forms/exports/freemark/FRY14MB1_5.txt (164 bytes security) (stored 0%)
  adding: forms/exports/freemark/FRY14MB2_1.txt (164 bytes security) (stored 0%)
  adding: forms/exports/freemark/FRY14MB2_2.txt (164 bytes security) (stored 0%)
  adding: forms/exports/freemark/FRY14MB2_3.txt (164 bytes security) (deflated 49%)
  adding: forms/exports/freemark/FRY14MB2_4.txt (164 bytes security) (stored 0%)
  adding: forms/exports/freemark/FRY14MB2_5.txt (164 bytes security) (stored 0%)
  adding: forms/exports/freemark/FRY14MC1_1.txt (164 bytes security) (stored 0%)
  adding: forms/exports/freemark/FRY14MC1_2.txt (164 bytes security) (stored 0%)
  adding: forms/exports/freemark/FRY14MC1_3.txt (164 bytes security) (deflated 74%)
  adding: forms/exports/freemark/FRY14MC1_4.txt (164 bytes security) (stored 0%)
  adding: forms/exports/freemark/FRY14MC1_5.txt (164 bytes security) (stored 0%)
  adding: forms/exports/freemark/FRY14MD1_1.txt (164 bytes security) (stored 0%)
  adding: forms/exports/freemark/FRY14MD1_2.txt (164 bytes security) (stored 0%)
  adding: forms/exports/freemark/FRY14MD1_3.txt (164 bytes security) (deflated 87%)
  adding: forms/exports/freemark/FRY14MD1_4.txt (164 bytes security) (stored 0%)
  adding: forms/exports/freemark/FRY14MD1_5.txt (164 bytes security) (stored 0%)
  adding: forms/exports/freemark/FRY14MD2_1.txt (164 bytes security) (stored 0%)
  adding: forms/exports/freemark/FRY14MD2_2.txt (164 bytes security) (stored 0%)
  adding: forms/exports/freemark/FRY14MD2_3.txt (164 bytes security) (deflated 87%)
  adding: forms/exports/freemark/FRY14MD2_4.txt (164 bytes security) (stored 0%)
  adding: forms/exports/freemark/FRY14MD2_5.txt (164 bytes security) (stored 0%)
  adding: forms/exports/freemark/informationalSupplementalReport.txt (164 bytes security) (deflated 66%)
  adding: forms/exports/freemark/informationalSupplementalReportEnd.txt (164 bytes security) (stored 0%)
  adding: forms/exports/freemark/informationalSupplementalReportStart.txt (164 bytes security) (stored 0%)
  adding: forms/exports/freemark/OpsriskBLReport.txt (164 bytes security) (deflated 41%)
  adding: forms/exports/freemark/OpsriskBLReportEnd.txt (164 bytes security) (stored 0%)
  adding: forms/exports/freemark/OpsriskBLReportStart.txt (164 bytes security) (stored 0%)
  adding: forms/exports/freemark/OpsriskEndTemplate.txt (164 bytes security) (stored 0%)
  adding: forms/exports/freemark/OpsriskMSReport.txt (164 bytes security) (deflated 69%)
  adding: forms/exports/freemark/OpsriskMSReportEnd.txt (164 bytes security) (stored 0%)
  adding: forms/exports/freemark/OpsriskMSReportStart.txt (164 bytes security) (stored 0%)
  adding: forms/exports/freemark/OpsriskRFReport.txt (164 bytes security) (deflated 47%)
  adding: forms/exports/freemark/OpsriskRFReportEnd.txt (164 bytes security) (stored 0%)
  adding: forms/exports/freemark/OpsriskRFReportStart.txt (164 bytes security) (stored 0%)
  adding: forms/exports/freemark/OpsriskStartTemplate.txt (164 bytes security) (deflated 34%)
  adding: forms/exports/freemark/OpsriskTHReport.txt (164 bytes security) (deflated 56%)
  adding: forms/exports/freemark/OpsriskTHReportEnd.txt (164 bytes security) (stored 0%)
  adding: forms/exports/freemark/OpsriskTHReportStart.txt (164 bytes security) (stored 0%)
  adding: forms/exports/freemark/OpsriskUOMReport.txt (164 bytes security) (deflated 43%)
  adding: forms/exports/freemark/OpsriskUOMReportEnd.txt (164 bytes security) (stored 0%)
  adding: forms/exports/freemark/OpsriskUOMReportStart.txt (164 bytes security) (stored 0%)
  adding: forms/exports/freemark/otherInflowReport.txt (164 bytes security) (deflated 74%)
  adding: forms/exports/freemark/otherInflowReportEnd.txt (164 bytes security) (stored 0%)
  adding: forms/exports/freemark/otherInflowReportStart.txt (164 bytes security) (stored 0%)
  adding: forms/exports/freemark/otherOutflowReport.txt (164 bytes security) (deflated 74%)
  adding: forms/exports/freemark/otherOutflowReportEnd.txt (164 bytes security) (stored 0%)
  adding: forms/exports/freemark/otherOutflowReportStart.txt (164 bytes security) (stored 0%)
  adding: forms/exports/freemark/RetailAutoEndTemplate.txt (164 bytes security) (stored 0%)
  adding: forms/exports/freemark/RetailAutoReport.txt (164 bytes security) (deflated 78%)
  adding: forms/exports/freemark/RetailAutoReportEnd.txt (164 bytes security) (stored 0%)
  adding: forms/exports/freemark/RetailAutoReportStart.txt (164 bytes security) (stored 0%)
  adding: forms/exports/freemark/RetailAutoStartTemplate.txt (164 bytes security) (deflated 34%)
  adding: forms/exports/freemark/RetailIntautoEndTemplate.txt (164 bytes security) (stored 0%)
  adding: forms/exports/freemark/RetailIntautoReport.txt (164 bytes security) (deflated 76%)
  adding: forms/exports/freemark/RetailIntautoReportEnd.txt (164 bytes security) (stored 0%)
  adding: forms/exports/freemark/RetailIntautoReportStart.txt (164 bytes security) (stored 0%)
  adding: forms/exports/freemark/RetailIntautoStartTemplate.txt (164 bytes security) (deflated 35%)
  adding: forms/exports/freemark/RetailIntcardEndTemplate.txt (164 bytes security) (stored 0%)
  adding: forms/exports/freemark/RetailIntcardReport.txt (164 bytes security) (deflated 75%)
  adding: forms/exports/freemark/RetailIntcardReportEnd.txt (164 bytes security) (stored 0%)
  adding: forms/exports/freemark/RetailIntcardReportStart.txt (164 bytes security) (stored 0%)
  adding: forms/exports/freemark/RetailIntcardStartTemplate.txt (164 bytes security) (deflated 35%)
  adding: forms/exports/freemark/RetailIntfmEndTemplate.txt (164 bytes security) (stored 0%)
  adding: forms/exports/freemark/RetailIntfmReport.txt (164 bytes security) (deflated 73%)
  adding: forms/exports/freemark/RetailIntfmReportEnd.txt (164 bytes security) (stored 0%)
  adding: forms/exports/freemark/RetailIntfmReportStart.txt (164 bytes security) (stored 0%)
  adding: forms/exports/freemark/RetailIntfmStartTemplate.txt (164 bytes security) (deflated 34%)
  adding: forms/exports/freemark/RetailIntheEndTemplate.txt (164 bytes security) (stored 0%)
  adding: forms/exports/freemark/RetailIntheReport.txt (164 bytes security) (deflated 75%)
  adding: forms/exports/freemark/RetailIntheReportEnd.txt (164 bytes security) (stored 0%)
  adding: forms/exports/freemark/RetailIntheReportStart.txt (164 bytes security) (stored 0%)
  adding: forms/exports/freemark/RetailIntheStartTemplate.txt (164 bytes security) (deflated 34%)
  adding: forms/exports/freemark/RetailIntlothconsEndTemplate.txt (164 bytes security) (stored 0%)
  adding: forms/exports/freemark/RetailIntlothconsReport.txt (164 bytes security) (deflated 70%)
  adding: forms/exports/freemark/RetailIntlothconsReportEnd.txt (164 bytes security) (stored 0%)
  adding: forms/exports/freemark/RetailIntlothconsReportStart.txt (164 bytes security) (stored 0%)
  adding: forms/exports/freemark/RetailIntlothconsStartTemplate.txt (164 bytes security) (deflated 35%)
  adding: forms/exports/freemark/RetailIntsbEndTemplate.txt (164 bytes security) (stored 0%)
  adding: forms/exports/freemark/RetailIntsbReport.txt (164 bytes security) (deflated 72%)
  adding: forms/exports/freemark/RetailIntsbReportEnd.txt (164 bytes security) (stored 0%)
  adding: forms/exports/freemark/RetailIntsbReportStart.txt (164 bytes security) (stored 0%)
  adding: forms/exports/freemark/RetailIntsbStartTemplate.txt (164 bytes security) (deflated 34%)
  adding: forms/exports/freemark/RetailStudentEndTemplate.txt (164 bytes security) (stored 0%)
  adding: forms/exports/freemark/RetailStudentReport.txt (164 bytes security) (deflated 76%)
  adding: forms/exports/freemark/RetailStudentReportEnd.txt (164 bytes security) (stored 0%)
  adding: forms/exports/freemark/RetailStudentReportStart.txt (164 bytes security) (stored 0%)
  adding: forms/exports/freemark/RetailStudentStartTemplate.txt (164 bytes security) (deflated 35%)
  adding: forms/exports/freemark/RetailUsothconsEndTemplate.txt (164 bytes security) (stored 0%)
  adding: forms/exports/freemark/RetailUsothconsReport.txt (164 bytes security) (deflated 69%)
  adding: forms/exports/freemark/RetailUsothconsReportEnd.txt (164 bytes security) (stored 0%)
  adding: forms/exports/freemark/RetailUsothconsReportStart.txt (164 bytes security) (stored 0%)
  adding: forms/exports/freemark/RetailUsothconsStartTemplate.txt (164 bytes security) (deflated 35%)
  adding: forms/exports/freemark/RetailUssbEndTemplate.txt (164 bytes security) (stored 0%)
  adding: forms/exports/freemark/RetailUssbReport.txt (164 bytes security) (deflated 72%)
  adding: forms/exports/freemark/RetailUssbReportEnd.txt (164 bytes security) (stored 0%)
  adding: forms/exports/freemark/RetailUssbReportStart.txt (164 bytes security) (stored 0%)
  adding: forms/exports/freemark/RetailUssbStartTemplate.txt (164 bytes security) (deflated 34%)
  adding: forms/exports/freemark/securedInflowReport.txt (164 bytes security) (deflated 76%)
  adding: forms/exports/freemark/securedInflowReportEnd.txt (164 bytes security) (stored 0%)
  adding: forms/exports/freemark/securedInflowReportStart.txt (164 bytes security) (stored 0%)
  adding: forms/exports/freemark/securedOutflowReport.txt (164 bytes security) (deflated 75%)
  adding: forms/exports/freemark/securedOutflowReportEnd.txt (164 bytes security) (stored 0%)
  adding: forms/exports/freemark/securedOutflowReportStart.txt (164 bytes security) (stored 0%)
  adding: forms/exports/freemark/unsecuredInflowReport.txt (164 bytes security) (deflated 71%)
  adding: forms/exports/freemark/unsecuredInflowReportEnd.txt (164 bytes security) (stored 0%)
  adding: forms/exports/freemark/unsecuredInflowReportStart.txt (164 bytes security) (stored 0%)
  adding: forms/exports/freemark/wholesaleOutflowReport.txt (164 bytes security) (deflated 74%)
  adding: forms/exports/freemark/wholesaleOutflowReportEnd.txt (164 bytes security) (stored 0%)
  adding: forms/exports/freemark/wholesaleOutflowReportStart.txt (164 bytes security) (stored 0%)
  adding: forms/presentations/ (164 bytes security) (stored 0%)
  adding: forms/presentations/BE15A_v1.xltx (164 bytes security) (deflated 13%)
  adding: forms/presentations/BE185_v1.xltx (164 bytes security) (deflated 18%)
  adding: forms/presentations/BE577_v1.xltx (164 bytes security) (deflated 31%)
  adding: forms/presentations/BE605_v1.xltx (164 bytes security) (deflated 22%)
  adding: forms/presentations/FC1_v1.xltx (164 bytes security) (deflated 18%)
  adding: forms/presentations/FC2_v1.xltx (164 bytes security) (deflated 19%)
  adding: forms/presentations/FC3_v1.xltx (164 bytes security) (deflated 17%)
  adding: forms/presentations/FDIC8020_v1.xltx (164 bytes security) (deflated 15%)
  adding: forms/presentations/FDIC8020_v2.xltx (164 bytes security) (deflated 14%)
  adding: forms/presentations/FFIEC002S_v1.xltx (164 bytes security) (deflated 15%)
  adding: forms/presentations/FFIEC002_v1.xltx (164 bytes security) (deflated 21%)
  adding: forms/presentations/FFIEC009A_v1.xltx (164 bytes security) (deflated 17%)
  adding: forms/presentations/FFIEC009A_v2.xltx (164 bytes security) (deflated 16%)
  adding: forms/presentations/FFIEC009A_v3.xltx (164 bytes security) (deflated 12%)
  adding: forms/presentations/FFIEC009_v1.xltx (164 bytes security) (deflated 33%)
  adding: forms/presentations/FFIEC009_v2.xltx (164 bytes security) (deflated 33%)
  adding: forms/presentations/FFIEC019_v1.xltx (164 bytes security) (deflated 18%)
  adding: forms/presentations/FFIEC030S_v1.xltx (164 bytes security) (deflated 16%)
  adding: forms/presentations/FFIEC030_v3.xltx (164 bytes security) (deflated 16%)
  adding: forms/presentations/FFIEC031_v1.xltx (164 bytes security) (deflated 16%)
  adding: forms/presentations/FFIEC031_v10.xltx (164 bytes security) (deflated 22%)
  adding: forms/presentations/FFIEC031_v11.xltx (164 bytes security) (deflated 22%)
  adding: forms/presentations/FFIEC031_v12.xltx (164 bytes security) (deflated 25%)
  adding: forms/presentations/FFIEC031_v2.xltx (164 bytes security) (deflated 28%)
  adding: forms/presentations/FFIEC031_v3.xltx (164 bytes security) (deflated 25%)
  adding: forms/presentations/FFIEC031_v4.xltx (164 bytes security) (deflated 25%)
  adding: forms/presentations/FFIEC031_v5.xltx (164 bytes security) (deflated 23%)
  adding: forms/presentations/FFIEC031_v6.xltx (164 bytes security) (deflated 23%)
  adding: forms/presentations/FFIEC031_v7.xltx (164 bytes security) (deflated 22%)
  adding: forms/presentations/FFIEC031_v8.xltx (164 bytes security) (deflated 22%)
  adding: forms/presentations/FFIEC031_v9.xltx (164 bytes security) (deflated 22%)
  adding: forms/presentations/FFIEC041_v1.xltx (164 bytes security) (deflated 17%)
  adding: forms/presentations/FFIEC041_v10.xltx (164 bytes security) (deflated 15%)
  adding: forms/presentations/FFIEC041_v11.xltx (164 bytes security) (deflated 14%)
  adding: forms/presentations/FFIEC041_v12.xltx (164 bytes security) (deflated 14%)
  adding: forms/presentations/FFIEC041_v2.xltx (164 bytes security) (deflated 17%)
  adding: forms/presentations/FFIEC041_v3.xltx (164 bytes security) (deflated 17%)
  adding: forms/presentations/FFIEC041_v4.xltx (164 bytes security) (deflated 16%)
  adding: forms/presentations/FFIEC041_v5.xltx (164 bytes security) (deflated 15%)
  adding: forms/presentations/FFIEC041_v6.xltx (164 bytes security) (deflated 15%)
  adding: forms/presentations/FFIEC041_v7.xltx (164 bytes security) (deflated 14%)
  adding: forms/presentations/FFIEC041_v8.xltx (164 bytes security) (deflated 15%)
  adding: forms/presentations/FFIEC041_v9.xltx (164 bytes security) (deflated 14%)
  adding: forms/presentations/FFIEC101_v2.xltx (164 bytes security) (deflated 17%)
  adding: forms/presentations/FFIEC101_v3.xltx (164 bytes security) (deflated 15%)
  adding: forms/presentations/FFIEC101_v4.xltx (164 bytes security) (deflated 15%)
  adding: forms/presentations/FFIEC101_v5.xltx (164 bytes security) (deflated 15%)
  adding: forms/presentations/FFIEC101_v6.xltx (164 bytes security) (deflated 15%)
  adding: forms/presentations/FFIEC101_v7.xltx (164 bytes security) (deflated 15%)
  adding: forms/presentations/FFIEC101_v8.xltx (164 bytes security) (deflated 15%)
  adding: forms/presentations/FFIEC102_v1.xltx (164 bytes security) (deflated 15%)
  adding: forms/presentations/FFIEC102_v2.xltx (164 bytes security) (deflated 15%)
  adding: forms/presentations/FR2004A_v1.xltx (164 bytes security) (deflated 16%)
  adding: forms/presentations/FR2004B_v1.xltx (164 bytes security) (deflated 16%)
  adding: forms/presentations/FR2004C_v1.xltx (164 bytes security) (deflated 15%)
  adding: forms/presentations/FR2004FA_v1.xltx (164 bytes security) (deflated 16%)
  adding: forms/presentations/FR2004FB_v1.xltx (164 bytes security) (deflated 17%)
  adding: forms/presentations/FR2004FC_v1.xltx (164 bytes security) (deflated 17%)
  adding: forms/presentations/FR2004FM_v1.xltx (164 bytes security) (deflated 21%)
  adding: forms/presentations/FR2004SD_v1.xltx (164 bytes security) (deflated 18%)
  adding: forms/presentations/FR2004SI_v1.xltx (164 bytes security) (deflated 18%)
  adding: forms/presentations/FR2004WI_v1.xltx (164 bytes security) (deflated 12%)
  adding: forms/presentations/FR2028S_v2.xltx (164 bytes security) (deflated 13%)
  adding: forms/presentations/FR2028_v1.xltx (164 bytes security) (deflated 11%)
  adding: forms/presentations/FR2046_v1.xltx (164 bytes security) (deflated 18%)
  adding: forms/presentations/FR2052A_v1.xltx (164 bytes security) (deflated 34%)
  adding: forms/presentations/FR2052A_v2.xltx (164 bytes security) (deflated 21%)
  adding: forms/presentations/FR2052A_v3.xltx (164 bytes security) (deflated 21%)
  adding: forms/presentations/FR2052A_v4.xltx (164 bytes security) (deflated 19%)
  adding: forms/presentations/FR2052B_v2.xltx (164 bytes security) (deflated 17%)
  adding: forms/presentations/FR2052B_v3.xltx (164 bytes security) (deflated 16%)
  adding: forms/presentations/FR2314S_v1.xltx (164 bytes security) (deflated 9%)
  adding: forms/presentations/FR2314_v1.xltx (164 bytes security) (deflated 20%)
  adding: forms/presentations/FR2314_v2.xltx (164 bytes security) (deflated 19%)
  adding: forms/presentations/FR2314_v3.xltx (164 bytes security) (deflated 22%)
  adding: forms/presentations/FR2420A_v2.xltx (164 bytes security) (deflated 18%)
  adding: forms/presentations/FR2420A_v3.xltx (164 bytes security) (deflated 17%)
  adding: forms/presentations/FR2420B_v2.xltx (164 bytes security) (deflated 19%)
  adding: forms/presentations/FR2420B_v3.xltx (164 bytes security) (deflated 19%)
  adding: forms/presentations/FR2420C_v2.xltx (164 bytes security) (deflated 20%)
  adding: forms/presentations/FR2420C_v3.xltx (164 bytes security) (deflated 18%)
  adding: forms/presentations/FR2420C_v4.xltx (164 bytes security) (deflated 18%)
  adding: forms/presentations/FR2436_v1.xltx (164 bytes security) (deflated 26%)
  adding: forms/presentations/FR2502Q_v2.xltx (164 bytes security) (deflated 9%)
  adding: forms/presentations/FR2572_v1.xltx (164 bytes security) (deflated 23%)
  adding: forms/presentations/FR2572_v2.xltx (164 bytes security) (deflated 23%)
  adding: forms/presentations/FR2644_v2.xltx (164 bytes security) (deflated 13%)
  adding: forms/presentations/FR2644_v3.xltx (164 bytes security) (deflated 13%)
  adding: forms/presentations/FR2835A_v2.xltx (164 bytes security) (deflated 17%)
  adding: forms/presentations/FR2886B_v1.xltx (164 bytes security) (deflated 19%)
  adding: forms/presentations/FR2886B_v2.xltx (164 bytes security) (deflated 19%)
  adding: forms/presentations/FR2886B_v3.xltx (164 bytes security) (deflated 25%)
  adding: forms/presentations/FR2900CB_v1.xltx (164 bytes security) (deflated 8%)
  adding: forms/presentations/FR2900_v2.xltx (164 bytes security) (deflated 17%)
  adding: forms/presentations/FR2900_v3.xltx (164 bytes security) (deflated 8%)
  adding: forms/presentations/FR2900_v4.xltx (164 bytes security) (deflated 8%)
  adding: forms/presentations/FR2915_v1.xltx (164 bytes security) (deflated 12%)
  adding: forms/presentations/FR2930_v1.xltx (164 bytes security) (deflated 12%)
  adding: forms/presentations/FRY10_v2.xltx (164 bytes security) (deflated 21%)
  adding: forms/presentations/FRY10_v3.xltx (164 bytes security) (deflated 23%)
  adding: forms/presentations/FRY11S_v2.xltx (164 bytes security) (deflated 10%)
  adding: forms/presentations/FRY11_v1.xltx (164 bytes security) (deflated 14%)
  adding: forms/presentations/FRY11_v2.xltx (164 bytes security) (deflated 14%)
  adding: forms/presentations/FRY11_v3.xltx (164 bytes security) (deflated 15%)
  adding: forms/presentations/FRY12A_v1.xltx (164 bytes security) (deflated 11%)
  adding: forms/presentations/FRY12_v2.xltx (164 bytes security) (deflated 14%)
  adding: forms/presentations/FRY14AOR_v2.xltx (164 bytes security) (deflated 16%)
  adding: forms/presentations/FRY14AOR_v3.xltx (164 bytes security) (deflated 15%)
  adding: forms/presentations/FRY14AOR_v4.xltx (164 bytes security) (deflated 16%)
  adding: forms/presentations/FRY14ARCI_v2.xltx (164 bytes security) (deflated 27%)
  adding: forms/presentations/FRY14ARCI_v3.xltx (164 bytes security) (deflated 50%)
  adding: forms/presentations/FRY14ARCI_v4.xltx (164 bytes security) (deflated 38%)
  adding: forms/presentations/FRY14ARCT_v2.xltx (164 bytes security) (deflated 19%)
  adding: forms/presentations/FRY14ARCT_v3.xltx (164 bytes security) (deflated 39%)
  adding: forms/presentations/FRY14ARRE_v1.xltx (164 bytes security) (deflated 26%)
  adding: forms/presentations/FRY14ASCENR_v1.xltx (164 bytes security) (deflated 19%)
  adding: forms/presentations/FRY14ASCENR_v2.xltx (164 bytes security) (deflated 37%)
  adding: forms/presentations/FRY14ASUMM_v3.xltx (164 bytes security) (deflated 27%)
  adding: forms/presentations/FRY14ASUMM_v4.xltx (164 bytes security) (deflated 22%)
  adding: forms/presentations/FRY14ASUMM_v5.xltx (164 bytes security) (deflated 22%)
  adding: forms/presentations/FRY14MA1_v1.xltx (164 bytes security) (deflated 23%)
  adding: forms/presentations/FRY14MA2_v1.xltx (164 bytes security) (deflated 25%)
  adding: forms/presentations/FRY14MB1_v1.xltx (164 bytes security) (deflated 22%)
  adding: forms/presentations/FRY14MB2_v1.xltx (164 bytes security) (deflated 29%)
  adding: forms/presentations/FRY14MC_v1.xltx (164 bytes security) (deflated 28%)
  adding: forms/presentations/FRY14MD1_v1.xltx (164 bytes security) (deflated 23%)
  adding: forms/presentations/FRY14MD1_v2.xltx (164 bytes security) (deflated 24%)
  adding: forms/presentations/FRY14MD2_v1.xltx (164 bytes security) (deflated 29%)
  adding: forms/presentations/FRY14QAAUTO_v1.xltx (164 bytes security) (deflated 23%)
  adding: forms/presentations/FRY14QAAUTO_v2.xltx (164 bytes security) (deflated 34%)
  adding: forms/presentations/FRY14QAINTAUTO_v1.xltx (164 bytes security) (deflated 23%)
  adding: forms/presentations/FRY14QAINTAUTO_v2.xltx (164 bytes security) (deflated 29%)
  adding: forms/presentations/FRY14QAINTCARD_v1.xltx (164 bytes security) (deflated 22%)
  adding: forms/presentations/FRY14QAINTCARD_v2.xltx (164 bytes security) (deflated 34%)
  adding: forms/presentations/FRY14QAINTFM_v1.xltx (164 bytes security) (deflated 25%)
  adding: forms/presentations/FRY14QAINTFM_v2.xltx (164 bytes security) (deflated 38%)
  adding: forms/presentations/FRY14QAINTHE_v1.xltx (164 bytes security) (deflated 23%)
  adding: forms/presentations/FRY14QAINTHE_v2.xltx (164 bytes security) (deflated 36%)
  adding: forms/presentations/FRY14QAINTLOTHCONS_v1.xltx (164 bytes security) (deflated 26%)
  adding: forms/presentations/FRY14QAINTLOTHCONS_v2.xltx (164 bytes security) (deflated 36%)
  adding: forms/presentations/FRY14QAINTSB_v1.xltx (164 bytes security) (deflated 23%)
  adding: forms/presentations/FRY14QAINTSB_v2.xltx (164 bytes security) (deflated 34%)
  adding: forms/presentations/FRY14QASTUDENT_v1.xltx (164 bytes security) (deflated 26%)
  adding: forms/presentations/FRY14QASTUDENT_v2.xltx (164 bytes security) (deflated 36%)
  adding: forms/presentations/FRY14QAUSOTHCONS_v1.xltx (164 bytes security) (deflated 26%)
  adding: forms/presentations/FRY14QAUSOTHCONS_v2.xltx (164 bytes security) (deflated 35%)
  adding: forms/presentations/FRY14QAUSSB_v1.xltx (164 bytes security) (deflated 26%)
  adding: forms/presentations/FRY14QAUSSB_v2.xltx (164 bytes security) (deflated 36%)
  adding: forms/presentations/FRY14QBAL_v1.xltx (164 bytes security) (deflated 24%)
  adding: forms/presentations/FRY14QBAL_v2.xltx (164 bytes security) (deflated 20%)
  adding: forms/presentations/FRY14QBAL_v3.xltx (164 bytes security) (deflated 19%)
  adding: forms/presentations/FRY14QBAL_v4.xltx (164 bytes security) (deflated 19%)
  adding: forms/presentations/FRY14QCIL_v1.xltx (164 bytes security) (deflated 22%)
  adding: forms/presentations/FRY14QCNTPY_v3.xltx (164 bytes security) (deflated 37%)
  adding: forms/presentations/FRY14QCNTPY_v4.xltx (164 bytes security) (deflated 22%)
  adding: forms/presentations/FRY14QCRE_v1.xltx (164 bytes security) (deflated 24%)
  adding: forms/presentations/FRY14QFVOHFS_v1.xltx (164 bytes security) (deflated 7%)
  adding: forms/presentations/FRY14QFVOHFS_v2.xltx (164 bytes security) (deflated 7%)
  adding: forms/presentations/FRY14QFVOHFS_v3.xltx (164 bytes security) (deflated 7%)
  adding: forms/presentations/FRY14QMSR_v1.xltx (164 bytes security) (deflated 19%)
  adding: forms/presentations/FRY14QOPRISK_v1.xltx (164 bytes security) (deflated 19%)
  adding: forms/presentations/FRY14QPPNR_v2.xltx (164 bytes security) (deflated 12%)
  adding: forms/presentations/FRY14QPPNR_v3.xltx (164 bytes security) (deflated 15%)
  adding: forms/presentations/FRY14QRCI_v2.xltx (164 bytes security) (deflated 15%)
  adding: forms/presentations/FRY14QRCI_v3.xltx (164 bytes security) (deflated 14%)
  adding: forms/presentations/FRY14QRCI_v4.xltx (164 bytes security) (deflated 14%)
  adding: forms/presentations/FRY14QRCI_v5.xltx (164 bytes security) (deflated 14%)
  adding: forms/presentations/FRY14QRCT_v3.xltx (164 bytes security) (deflated 14%)
  adding: forms/presentations/FRY14QRCT_v4.xltx (164 bytes security) (deflated 14%)
  adding: forms/presentations/FRY14QSEC_v2.xltx (164 bytes security) (deflated 19%)
  adding: forms/presentations/FRY14QSEC_v3.xltx (164 bytes security) (deflated 17%)
  adding: forms/presentations/FRY14QSEC_v4.xltx (164 bytes security) (deflated 17%)
  adding: forms/presentations/FRY14QSEC_v5.xltx (164 bytes security) (deflated 16%)
  adding: forms/presentations/FRY14QSUPMNT_v1.xltx (164 bytes security) (deflated 19%)
  adding: forms/presentations/FRY14QSUPMNT_v2.xltx (164 bytes security) (deflated 18%)
  adding: forms/presentations/FRY14QTRADING_v3.xltx (164 bytes security) (deflated 33%)
  adding: forms/presentations/FRY15_v1.xltx (164 bytes security) (deflated 12%)
  adding: forms/presentations/FRY15_v2.xltx (164 bytes security) (deflated 12%)
  adding: forms/presentations/FRY15_v3.xltx (164 bytes security) (deflated 14%)
  adding: forms/presentations/FRY15_v4.xltx (164 bytes security) (deflated 14%)
  adding: forms/presentations/FRY15_v5.xltx (164 bytes security) (deflated 14%)
  adding: forms/presentations/FRY15_v5_draft.xltx (164 bytes security) (deflated 14%)
  adding: forms/presentations/FRY16_v1.xltx (164 bytes security) (deflated 26%)
  adding: forms/presentations/FRY20_v2.xltx (164 bytes security) (deflated 12%)
  adding: forms/presentations/FRY6_v1.xltx (164 bytes security) (deflated 15%)
  adding: forms/presentations/FRY6_v2.xltx (164 bytes security) (deflated 15%)
  adding: forms/presentations/FRY7NS_v1.xltx (164 bytes security) (deflated 9%)
  adding: forms/presentations/FRY7N_v1.xltx (164 bytes security) (deflated 13%)
  adding: forms/presentations/FRY7N_v2.xltx (164 bytes security) (deflated 12%)
  adding: forms/presentations/FRY7Q_v1.xltx (164 bytes security) (deflated 10%)
  adding: forms/presentations/FRY7Q_v2.xltx (164 bytes security) (deflated 16%)
  adding: forms/presentations/FRY7_v1.xltx (164 bytes security) (deflated 13%)
  adding: forms/presentations/FRY7_v2.xltx (164 bytes security) (deflated 11%)
  adding: forms/presentations/FRY8_v2.xltx (164 bytes security) (deflated 17%)
  adding: forms/presentations/FRY9C_v1.xltx (164 bytes security) (deflated 19%)
  adding: forms/presentations/FRY9C_v2.xltx (164 bytes security) (deflated 18%)
  adding: forms/presentations/FRY9C_v3.xltx (164 bytes security) (deflated 18%)
  adding: forms/presentations/FRY9C_v4.xltx (164 bytes security) (deflated 18%)
  adding: forms/presentations/FRY9C_v5.xltx (164 bytes security) (deflated 18%)
  adding: forms/presentations/FRY9C_v6.xltx (164 bytes security) (deflated 18%)
  adding: forms/presentations/FRY9C_v7.xltx (164 bytes security) (deflated 17%)
  adding: forms/presentations/FRY9ES_v1.xltx (164 bytes security) (deflated 13%)
  adding: forms/presentations/FRY9LP_v1.xltx (164 bytes security) (deflated 21%)
  adding: forms/presentations/FRY9LP_v2.xltx (164 bytes security) (deflated 19%)
  adding: forms/presentations/FRY9LP_v3.xltx (164 bytes security) (deflated 19%)
  adding: forms/presentations/FRY9LP_v4.xltx (164 bytes security) (deflated 19%)
  adding: forms/presentations/FRY9LP_v5.xltx (164 bytes security) (deflated 20%)
  adding: forms/presentations/FRY9SP_v1.xltx (164 bytes security) (deflated 9%)
  adding: forms/presentations/OFRU53_v1.xltx (164 bytes security) (deflated 16%)
  adding: forms/presentations/OFRU56_v1.xltx (164 bytes security) (deflated 16%)
  adding: forms/presentations/OFRU7_v1.xltx (164 bytes security) (deflated 15%)
  adding: forms/presentations/TIC1042S_v1.xltx (164 bytes security) (deflated 26%)
  adding: forms/presentations/TICBC_v1.xltx (164 bytes security) (deflated 21%)
  adding: forms/presentations/TICBC_v2.xltx (164 bytes security) (deflated 20%)
  adding: forms/presentations/TICBL1_v1.xltx (164 bytes security) (deflated 23%)
  adding: forms/presentations/TICBL1_v2.xltx (164 bytes security) (deflated 23%)
  adding: forms/presentations/TICBL1_v3.xltx (164 bytes security) (deflated 22%)
  adding: forms/presentations/TICBL2_v1.xltx (164 bytes security) (deflated 27%)
  adding: forms/presentations/TICBQ1_v1.xltx (164 bytes security) (deflated 16%)
  adding: forms/presentations/TICBQ2_v1.xltx (164 bytes security) (deflated 20%)
  adding: forms/presentations/TICBQ2_v2.xltx (164 bytes security) (deflated 19%)
  adding: forms/presentations/TICBQ3_v2.xltx (164 bytes security) (deflated 15%)
  adding: forms/presentations/TICD_v1.xltx (164 bytes security) (deflated 18%)
  adding: forms/presentations/TICSHCA_v1.xltx (164 bytes security) (deflated 25%)
  adding: forms/presentations/TICSHLA_v1.xltx (164 bytes security) (deflated 18%)
  adding: forms/presentations/TICSLT_v1.xltx (164 bytes security) (deflated 27%)
  adding: forms/presentations/TICS_v2.xltx (164 bytes security) (deflated 23%)
  adding: manifest.xml (152 bytes security) (deflated 60%)
[info] zip file is packaged. 
[info] package lrm file [e:\ComplianceProduct\ci-script\..\\fed\src\ARforFED_v1.12.0-b412_for_AR_1.15.7.lrm]... 
[info] package is packaged successfully. 
